<?xml version="1.0" encoding="UTF-8"?>
<testsuite name="ohtu.verkkokauppa.KauppaTest" tests="8" skipped="0" failures="0" errors="0" timestamp="2021-04-06T12:25:23" hostname="amalia-LIFEBOOK-S904" time="1.21">
  <properties/>
  <testcase name="aloitaAsiointiTyhjentääOstoskorin" classname="ohtu.verkkokauppa.KauppaTest" time="1.183"/>
  <testcase name="ostoksenPaaytyttyaPankinMetodiaTilisiirtoKutsutaanOikeallaNimellaJaTilinumerolla" classname="ohtu.verkkokauppa.KauppaTest" time="0.003"/>
  <testcase name="ostoksenPaaytyttyaPankinMetodiaTilisiirtoKutsutaanOikeallaNimellaTilinumerollaSummalla" classname="ohtu.verkkokauppa.KauppaTest" time="0.004"/>
  <testcase name="ostoksenPaaytyttyaPankinMetodiaTilisiirtoKutsutaanOikeallaNimellaTilinumerollaSummallaKunKaksiSamaaTuotetta" classname="ohtu.verkkokauppa.KauppaTest" time="0.004"/>
  <testcase name="ostoksenPaaytyttyaPankinMetodiaTilisiirtoKutsutaan" classname="ohtu.verkkokauppa.KauppaTest" time="0.003"/>
  <testcase name="uusiViitenumeroJokaiselleMaksutapahtumalle" classname="ohtu.verkkokauppa.KauppaTest" time="0.004"/>
  <testcase name="poistaKoristaPoistaaTuotteenKorista" classname="ohtu.verkkokauppa.KauppaTest" time="0.003"/>
  <testcase name="ostoksenPaaytyttyaPankinMetodiaTilisiirtoKutsutaanOikeallaNimellaTilinumerollaSummallaKunYksiTuoteLoppu" classname="ohtu.verkkokauppa.KauppaTest" time="0.003"/>
  <system-out><![CDATA[]]></system-out>
  <system-err><![CDATA[]]></system-err>
</testsuite>
